
> kracked-dev@0.1.0 build
> next build

 ⚠ Warning: Next.js inferred your workspace root, but it may not be correct.
 We detected multiple lockfiles and selected the directory of /Users/fadlikhalid/package-lock.json as the root directory.
 To silence this warning, set `turbopack.root` in your Next.js config, or consider removing one of the lockfiles if it's not needed.
   See https://nextjs.org/docs/app/api-reference/config/next-config-js/turbopack#root-directory for more information.
 Detected additional lockfiles: 
   * /Users/fadlikhalid/Documents/Work/krackeddev/repo/krackeddev/package-lock.json

   ▲ Next.js 16.0.10 (Turbopack)
   - Environments: .env.local
   - Experiments (use with caution):
     · optimizePackageImports

   Creating an optimized production build ...
 ✓ Compiled successfully in 6.4s
   Running TypeScript ...
   Collecting page data using 9 workers ...
 ⚠ Using edge runtime on a page currently disables static generation for that page
   Generating static pages using 9 workers (0/50) ...
   Generating static pages using 9 workers (12/50) 
   Generating static pages using 9 workers (24/50) 
   Generating static pages using 9 workers (37/50) 
 ✓ Generating static pages using 9 workers (50/50) in 482.8ms
   Finalizing page optimization ...

Route (app)
┌ ƒ /
├ ○ /_not-found
├ ƒ /admin/bounties
├ ƒ /admin/bounties/[id]/edit
├ ○ /admin/bounties/create
├ ƒ /admin/dashboard
├ ƒ /admin/government-inquiries
├ ƒ /admin/inquiries
├ ƒ /admin/inquiries/[id]
├ ƒ /admin/moderation
├ ƒ /admin/polls
├ ƒ /admin/submissions
├ ƒ /admin/users
├ ƒ /admin/verifications
├ ƒ /admin/verifications/[id]
├ ƒ /api/bounties/recent
├ ƒ /api/community/locations
├ ƒ /api/game/dojo
├ ƒ /api/government-inquiries
├ ƒ /api/government-inquiries/[id]
├ ƒ /api/jobs
├ ƒ /api/jobs/[id]
├ ƒ /api/jobs/filters
├ ƒ /api/leaderboard
├ ƒ /api/leaderboard/active-contributors
├ ƒ /api/leaderboard/top-hunters
├ ƒ /api/page-views
├ ƒ /api/stats/landing
├ ƒ /api/stats/user-count
├ ○ /auth/auth-code-error
├ ƒ /auth/callback
├ ○ /auth/forgot-password
├ ○ /auth/update-password
├ ○ /code
├ ○ /code/bounty
├ ƒ /code/bounty/[slug]
├ ƒ /community
├ ƒ /community/ask
├ ƒ /community/question/[slug]
├ ƒ /companies
├ ƒ /companies/[slug]
├ ƒ /dashboard
├ ƒ /dashboard/applications
├ ƒ /dashboard/company
├ ƒ /dashboard/company/applicants
├ ƒ /dashboard/company/inquiries
├ ƒ /dashboard/company/inquiries/[id]
├ ƒ /dashboard/company/jobs
├ ƒ /dashboard/company/jobs/[id]/edit
├ ƒ /dashboard/company/jobs/new
├ ƒ /dashboard/company/profile
├ ƒ /dashboard/company/verify
├ ƒ /dashboard/personal/inquiries
├ ƒ /dashboard/personal/inquiries/[id]
├ ƒ /dashboard/profile
├ ○ /for-company
├ ○ /for-developers
├ ○ /for-government
├ ○ /game
├ ƒ /hire/register
├ ○ /internship
├ ○ /jobs
├ ƒ /jobs/[id]
├ ƒ /leaderboard
├ ƒ /members
├ ○ /onboarding/form
├ ○ /post-bounty
├ ○ /privacy
├ ○ /profile
├ ƒ /profile/[username]
└ ○ /terms


ƒ Proxy (Middleware)

○  (Static)   prerendered as static content
ƒ  (Dynamic)  server-rendered on demand


> kracked-dev@0.1.0 postbuild
> echo 'Build completed. Output directory: out'

Build completed. Output directory: out
